#
# A fatal error has been detected by the Java Runtime Environment:
#
#  EXCEPTION_ACCESS_VIOLATION (0xc0000005) at pc=0x19eb2d4a, pid=9384, tid=8664
#
# JRE version: 7.0_02-b13
# Java VM: Java HotSpot(TM) Client VM (22.0-b10 mixed mode windows-x86 )
# Problematic frame:
# C  [jmam.dll+0x2d4a]
#
# Failed to write core dump. Minidumps are not enabled by default on client versions of Windows
#
# If you would like to submit a bug report, please visit:
#   http://bugreport.sun.com/bugreport/crash.jsp
# The crash happened outside the Java Virtual Machine in native code.
# See problematic frame for where to report the bug.
#

---------------  T H R E A D  ---------------

Current thread (0x19b04000):  JavaThread "JMF thread: TimedStartThread ( startThread: com.sun.media.amovie.AMController@194b34a )" [_thread_in_native, id=8664, stack(0x1a1e0000,0x1a230000)]

siginfo: ExceptionCode=0xc0000005, reading address 0x00000000

Registers:
EAX=0x00000000, EBX=0x15634e50, ECX=0xbbef19c4, EDX=0x1a22f794
ESP=0x1a22f78c, EBP=0x1a22f7cc, ESI=0x15634e50, EDI=0x19b04000
EIP=0x19eb2d4a, EFLAGS=0x00010246

Top of Stack: (sp=0x1a22f78c)
0x1a22f78c:   00000000 1a22f794 1a22f83c 1a22f83c
0x1a22f79c:   032fa5b7 012a7c2c 00000000 1a22f860
0x1a22f7ac:   1a22f7ac 00000000 1a22f7dc 156361a8
0x1a22f7bc:   00000000 15634e50 00000000 1a22f7dc
0x1a22f7cc:   1a22f800 032f3284 00000000 032f8849
0x1a22f7dc:   0555dae8 1a22f7e0 1564b90b 1a22f810
0x1a22f7ec:   1564c338 00000000 1564b938 1a22f7dc
0x1a22f7fc:   1a22f810 1a22f834 032f3284 00000000 

Instructions: (pc=0x19eb2d4a)
0x19eb2d2a:   d2 83 c4 08 c2 08 00 8b 44 24 0c 8d 54 24 10 52
0x19eb2d3a:   50 8b 08 ff 51 24 8d 54 24 00 8b 44 24 10 52 50
0x19eb2d4a:   8b 08 ff 51 0c 8b 44 24 10 50 8b 08 ff 51 08 8b
0x19eb2d5a:   44 24 0c 50 8b 10 ff 52 08 6a 00 6a 0a 8b 44 24 


Register to memory mapping:

EAX=0x00000000 is an unknown value
EBX=0x15634e50 is an oop
{method} 
 - klass: {other class}
ECX=0xbbef19c4 is an unknown value
EDX=0x1a22f794 is pointing into the stack for thread: 0x19b04000
ESP=0x1a22f78c is pointing into the stack for thread: 0x19b04000
EBP=0x1a22f7cc is pointing into the stack for thread: 0x19b04000
ESI=0x15634e50 is an oop
{method} 
 - klass: {other class}
EDI=0x19b04000 is a thread


Stack: [0x1a1e0000,0x1a230000],  sp=0x1a22f78c,  free space=317k
Native frames: (J=compiled Java code, j=interpreted, Vv=VM code, C=native code)
C  [jmam.dll+0x2d4a]  Java_com_sun_media_amovie_ActiveMovie_getTime+0x7a
j  com.sun.media.amovie.AMController$AMTimeBase.getMediaTime()J+19
j  com.sun.media.amovie.AMController$AMTimeBase.getNanoseconds()J+1
j  com.sun.media.TimedStartThread.getTime()J+7
j  com.sun.media.TimedActionThread.run()V+4
v  ~StubRoutines::call_stub
V  [jvm.dll+0x123c0a]
V  [jvm.dll+0x1c9e8e]
V  [jvm.dll+0x123df3]
V  [jvm.dll+0x123e57]
V  [jvm.dll+0xcd90f]
V  [jvm.dll+0x14394f]
V  [jvm.dll+0x1720b9]
C  [msvcr100.dll+0x5c6de]  endthreadex+0x3a
C  [msvcr100.dll+0x5c788]  endthreadex+0xe4
C  [KERNEL32.DLL+0x162c4]  BaseThreadInitThunk+0x24
C  [ntdll.dll+0x60fd9]  RtlSubscribeWnfStateChangeNotification+0x439
C  [ntdll.dll+0x60fa4]  RtlSubscribeWnfStateChangeNotification+0x404

Java frames: (J=compiled Java code, j=interpreted, Vv=VM code)
j  com.sun.media.amovie.ActiveMovie.getTime()J+0
j  com.sun.media.amovie.AMController$AMTimeBase.getMediaTime()J+19
j  com.sun.media.amovie.AMController$AMTimeBase.getNanoseconds()J+1
j  com.sun.media.TimedStartThread.getTime()J+7
j  com.sun.media.TimedActionThread.run()V+4
v  ~StubRoutines::call_stub

---------------  P R O C E S S  ---------------

Java Threads: ( => current thread )
=>0x19b04000 JavaThread "JMF thread: TimedStartThread ( startThread: com.sun.media.amovie.AMController@194b34a )" [_thread_in_native, id=8664, stack(0x1a1e0000,0x1a230000)]
  0x19b03800 JavaThread "JMF thread (PlayThread)" [_thread_in_native, id=640, stack(0x1a150000,0x1a1a0000)]
  0x19b4dc00 JavaThread "Loop thread" [_thread_blocked, id=2836, stack(0x1a8e0000,0x1a930000)]
  0x031ea800 JavaThread "DestroyJavaVM" [_thread_blocked, id=12368, stack(0x030d0000,0x03120000)]
  0x1961e000 JavaThread "Service Thread" daemon [_thread_blocked, id=8212, stack(0x199a0000,0x199f0000)]
  0x19612c00 JavaThread "C1 CompilerThread0" daemon [_thread_blocked, id=5612, stack(0x19910000,0x19960000)]
  0x19611800 JavaThread "Attach Listener" daemon [_thread_blocked, id=8268, stack(0x19880000,0x198d0000)]
  0x1960f400 JavaThread "Signal Dispatcher" daemon [_thread_blocked, id=12572, stack(0x197f0000,0x19840000)]
  0x032dfc00 JavaThread "Finalizer" daemon [_thread_blocked, id=10436, stack(0x19560000,0x195b0000)]
  0x032db000 JavaThread "Reference Handler" daemon [_thread_blocked, id=12512, stack(0x194d0000,0x19520000)]

Other Threads:
  0x032d4000 VMThread [stack: 0x19440000,0x19490000] [id=5704]
  0x19635400 WatcherThread [stack: 0x19a30000,0x19a80000] [id=12104]

VM state:not at safepoint (normal execution)

VM Mutex/Monitor currently owned by a thread: None

Heap
 def new generation   total 4928K, used 3278K [0x052f0000, 0x05840000, 0x0a840000)
  eden space 4416K,  62% used [0x052f0000, 0x055a3850, 0x05740000)
  from space 512K, 100% used [0x057c0000, 0x05840000, 0x05840000)
  to   space 512K,   0% used [0x05740000, 0x05740000, 0x057c0000)
 tenured generation   total 10944K, used 716K [0x0a840000, 0x0b2f0000, 0x152f0000)
   the space 10944K,   6% used [0x0a840000, 0x0a8f3198, 0x0a8f3200, 0x0b2f0000)
 compacting perm gen  total 12288K, used 3442K [0x152f0000, 0x15ef0000, 0x192f0000)
   the space 12288K,  28% used [0x152f0000, 0x1564cb48, 0x1564cc00, 0x15ef0000)
No shared spaces configured.

Code Cache  [0x032f0000, 0x033c0000, 0x052f0000)
 total_blobs=276 nmethods=116 adapters=96 free_code_cache=31939Kb largest_free_block=32705600

Dynamic libraries:
0x00e90000 - 0x00ebf000 	E:\Java\jdk1.7.0_02\bin\javaw.exe
0x77100000 - 0x77283000 	C:\WINDOWS\SYSTEM32\ntdll.dll
0x753a0000 - 0x75480000 	C:\WINDOWS\System32\KERNEL32.DLL
0x739d0000 - 0x73b71000 	C:\WINDOWS\System32\KERNELBASE.dll
0x755b0000 - 0x75627000 	C:\WINDOWS\System32\ADVAPI32.dll
0x76980000 - 0x76a3e000 	C:\WINDOWS\System32\msvcrt.dll
0x757d0000 - 0x75811000 	C:\WINDOWS\System32\sechost.dll
0x76820000 - 0x768e1000 	C:\WINDOWS\System32\RPCRT4.dll
0x739b0000 - 0x739ce000 	C:\WINDOWS\System32\SspiCli.dll
0x739a0000 - 0x739aa000 	C:\WINDOWS\System32\CRYPTBASE.dll
0x76a40000 - 0x76a9a000 	C:\WINDOWS\System32\bcryptPrimitives.dll
0x75e80000 - 0x75fdf000 	C:\WINDOWS\System32\USER32.dll
0x75300000 - 0x75315000 	C:\WINDOWS\System32\win32u.dll
0x761e0000 - 0x7620b000 	C:\WINDOWS\System32\GDI32.dll
0x75820000 - 0x7597b000 	C:\WINDOWS\System32\gdi32full.dll
0x6b340000 - 0x6b54a000 	C:\WINDOWS\WinSxS\x86_microsoft.windows.common-controls_6595b64144ccf1df_6.0.14393.447_none_89c64d28dafea4b9\COMCTL32.dll
0x76520000 - 0x76731000 	C:\WINDOWS\System32\combase.dll
0x750f0000 - 0x751d0000 	C:\WINDOWS\System32\ucrtbase.dll
0x761b0000 - 0x761d5000 	C:\WINDOWS\System32\IMM32.DLL
0x6a490000 - 0x6a54e000 	E:\Java\jdk1.7.0_02\jre\bin\msvcr100.dll
0x69f00000 - 0x6a228000 	E:\Java\jdk1.7.0_02\jre\bin\client\jvm.dll
0x76ab0000 - 0x76ad4000 	C:\WINDOWS\System32\WINMM.dll
0x751f0000 - 0x75213000 	C:\WINDOWS\System32\WINMMBASE.dll
0x75270000 - 0x752a6000 	C:\WINDOWS\System32\cfgmgr32.dll
0x733d0000 - 0x733d8000 	C:\WINDOWS\SYSTEM32\WSOCK32.dll
0x75630000 - 0x75636000 	C:\WINDOWS\System32\PSAPI.DLL
0x76740000 - 0x767a3000 	C:\WINDOWS\System32\WS2_32.dll
0x6c4d0000 - 0x6c4dc000 	E:\Java\jdk1.7.0_02\jre\bin\verify.dll
0x6bbf0000 - 0x6bc10000 	E:\Java\jdk1.7.0_02\jre\bin\java.dll
0x6a470000 - 0x6a483000 	E:\Java\jdk1.7.0_02\jre\bin\zip.dll
0x19e80000 - 0x19e95000 	C:\Windows\System32\jmutil.dll
0x6a450000 - 0x6a464000 	E:\Java\jdk1.7.0_02\jre\bin\net.dll
0x71470000 - 0x714be000 	C:\WINDOWS\system32\mswsock.dll
0x6c410000 - 0x6c41f000 	E:\Java\jdk1.7.0_02\jre\bin\nio.dll
0x19eb0000 - 0x19ebd000 	C:\Windows\System32\jmam.dll
0x75980000 - 0x75a6a000 	C:\WINDOWS\System32\ole32.dll
0x76810000 - 0x7681d000 	C:\WINDOWS\System32\kernel.appcore.dll
0x6d4b0000 - 0x6d525000 	C:\WINDOWS\system32\uxtheme.dll
0x76320000 - 0x763a4000 	C:\WINDOWS\System32\clbcatq.dll
0x75730000 - 0x757c4000 	C:\WINDOWS\System32\OLEAUT32.dll
0x75320000 - 0x7539b000 	C:\WINDOWS\System32\msvcp_win.dll
0x76b90000 - 0x770fe000 	C:\WINDOWS\System32\windows.storage.dll
0x75220000 - 0x75265000 	C:\WINDOWS\System32\powrprof.dll
0x752b0000 - 0x752f6000 	C:\WINDOWS\System32\shlwapi.dll
0x75fe0000 - 0x76068000 	C:\WINDOWS\System32\shcore.dll
0x75490000 - 0x7549f000 	C:\WINDOWS\System32\profapi.dll
0x717e0000 - 0x717fb000 	C:\Windows\System32\bcrypt.dll
0x76070000 - 0x761a5000 	C:\WINDOWS\System32\MSCTF.dll
0x71070000 - 0x7108f000 	C:\WINDOWS\system32\dwmapi.dll
0x697a0000 - 0x697a9000 	C:\WINDOWS\SYSTEM32\msdmo.dll
0x65f60000 - 0x66073000 	C:\WINDOWS\SYSTEM32\MFPlat.DLL
0x69c20000 - 0x69c4a000 	C:\WINDOWS\SYSTEM32\RTWorkQ.DLL
0x6bff0000 - 0x6c008000 	C:\WINDOWS\SYSTEM32\MSACM32.DLL
0x69be0000 - 0x69bf6000 	C:\Windows\System32\l3codeca.acm
0x6f160000 - 0x6f169000 	C:\WINDOWS\SYSTEM32\avrt.dll
0x6c1d0000 - 0x6c228000 	C:\WINDOWS\SYSTEM32\MMDevAPI.DLL
0x71180000 - 0x711a2000 	C:\WINDOWS\SYSTEM32\DEVOBJ.dll
0x6f280000 - 0x6f3cf000 	C:\WINDOWS\SYSTEM32\PROPSYS.dll
0x6c190000 - 0x6c1c9000 	C:\WINDOWS\SYSTEM32\wdmaud.drv
0x6f170000 - 0x6f177000 	C:\WINDOWS\SYSTEM32\ksuser.dll
0x6c0e0000 - 0x6c15b000 	C:\WINDOWS\SYSTEM32\AUDIOSES.DLL
0x6c010000 - 0x6c0df000 	C:\WINDOWS\SYSTEM32\wintypes.dll
0x6c180000 - 0x6c18a000 	C:\WINDOWS\SYSTEM32\msacm32.drv
0x6bfe0000 - 0x6bfe8000 	C:\WINDOWS\SYSTEM32\midimap.dll
0x768f0000 - 0x76979000 	C:\WINDOWS\System32\DSOUND.DLL
0x5e090000 - 0x5e1d2000 	E:\Java\jdk1.7.0_02\jre\bin\awt.dll
0x65b70000 - 0x65c02000 	C:\WINDOWS\SYSTEM32\apphelp.dll
0x5dc40000 - 0x5dea4000 	C:\WINDOWS\AppPatch\AcGenral.DLL
0x73b80000 - 0x74f59000 	C:\WINDOWS\System32\SHELL32.dll
0x71600000 - 0x71615000 	C:\WINDOWS\SYSTEM32\samcli.dll
0x73960000 - 0x73968000 	C:\WINDOWS\SYSTEM32\VERSION.dll
0x73970000 - 0x7398a000 	C:\WINDOWS\SYSTEM32\USERENV.dll
0x6f6f0000 - 0x6f884000 	C:\WINDOWS\SYSTEM32\urlmon.dll
0x6b960000 - 0x6b9ca000 	C:\WINDOWS\SYSTEM32\WINSPOOL.DRV
0x70ea0000 - 0x70eb6000 	C:\WINDOWS\SYSTEM32\MPR.dll
0x6f890000 - 0x6fab9000 	C:\WINDOWS\SYSTEM32\iertutil.dll

VM Arguments:
jvm_args: -Dfile.encoding=UTF-8 
java_command: com.xu.musicplayer.test.Test
Launcher Type: SUN_STANDARD

Environment Variables:
JAVA_HOME=E:\Java\jdk1.8.0_111
CLASSPATH=.;.;e:\java\JMF21~1.1E\lib\sound.jar;e:\java\JMF21~1.1E\lib\jmf.jar;e:\java\JMF21~1.1E\lib;
PATH=C:/Program Files/Java/jre1.8.0_112/bin/server;C:/Program Files/Java/jre1.8.0_112/bin;C:/Program Files/Java/jre1.8.0_112/lib/amd64;E:\Python3.6\Scripts\;E:\Python3.6\;E:\oracle\10.2.0\bin;C:\ProgramData\Oracle\Java\javapath;C:\WINDOWS\system32;C:\WINDOWS;C:\WINDOWS\system32\wbem;C:\Program Files\MySQL\MySQL Server 5.7\bin;C:\WINDOWS\System32\Wbem;C:\WINDOWS\System32\WindowsPowerShell\v1.0\;E:\redis\redis-x64-3.0.500\;E:\Java\JMF2.1.1e\bin;C:\Program Files (x86)\apache-maven-3.3.9\bin;C:\Program Files (x86)\NVIDIA Corporation\PhysX\Common;C:\WINDOWS\system32\config\systemprofile\.dnx\bin;C:\Program Files\Microsoft DNX\Dnvm\;C:\Program Files (x86)\Windows Kits\8.1\Windows Performance Toolkit\;E:\Java\jdk1.8.0_111\bin;E:\Java\jdk1.8.0_111\jre\bin;G:\nexus-2.12.0\nexus-2.12.0-01\bin\\bin\jsw;C:\Users\Administrator\AppData\Local\Microsoft\WindowsApps;;F:\eclipse;
USERNAME=Administrator
OS=Windows_NT
PROCESSOR_IDENTIFIER=Intel64 Family 6 Model 69 Stepping 1, GenuineIntel



---------------  S Y S T E M  ---------------

OS: Windows NT 6.2 Build 9200 

CPU:total 4 (2 cores per cpu, 2 threads per core) family 6 model 69 stepping 1, cmov, cx8, fxsr, mmx, sse, sse2, sse3, ssse3, sse4.1, sse4.2, popcnt, ht

Memory: 4k page, physical 8290116k(3604788k free), swap 9338692k(3329064k free)

vm_info: Java HotSpot(TM) Client VM (22.0-b10) for windows-x86 JRE (1.7.0_02-b13), built on Nov 17 2011 17:17:32 by "java_re" with unknown MS VC++:1600

time: Thu Dec 29 22:35:26 2016
elapsed time: 1 seconds

